app/build/outputs/logs/manifest-merger-release-report.txt
-- Merging decision tree log ---
manifest
ADDED from src\main\AndroidManifest.xml:2:1-131:12
	package
		ADDED from src\main\AndroidManifest.xml:4:5-45
		INJECTED from src\main\AndroidManifest.xml
		INJECTED from src\main\AndroidManifest.xml
	android:versionName
		INJECTED from src\main\AndroidManifest.xml
		INJECTED from src\main\AndroidManifest.xml
	xmlns:tools
		ADDED from src\main\AndroidManifest.xml:3:5-51
	xmlns:android
		ADDED from src\main\AndroidManifest.xml:2:11-69
	android:versionCode
		INJECTED from src\main\AndroidManifest.xml
		INJECTED from src\main\AndroidManifest.xml
uses-permission#android.permission.INTERNET
ADDED from src\main\AndroidManifest.xml:6:5-67
MERGED from [com.google.android.gms:play-services-ads-lite:10.2.1] AndroidManifest.xml:19:5-66
MERGED from [com.google.android.gms:play-services-analytics:10.2.1] AndroidManifest.xml:20:5-66
MERGED from [com.google.android.gms:play-services-appinvite:10.2.1] AndroidManifest.xml:18:5-66
MERGED from [com.google.firebase:firebase-crash:10.2.1] AndroidManifest.xml:18:5-66
MERGED from [com.google.android.gms:play-services-gcm:10.2.1] AndroidManifest.xml:21:5-66
MERGED from [com.google.android.gms:play-services-iid:10.2.1] AndroidManifest.xml:21:5-66
MERGED from [com.google.android.gms:play-services-tagmanager-api:10.2.1] AndroidManifest.xml:20:5-66
MERGED from [com.google.firebase:firebase-analytics:10.2.1] AndroidManifest.xml:20:5-66
MERGED from [com.google.firebase:firebase-analytics-impl:10.2.1] AndroidManifest.xml:20:5-66
MERGED from [com.google.firebase:firebase-iid:10.2.1] AndroidManifest.xml:20:5-66
MERGED from [com.google.android.gms:play-services-analytics-impl:10.2.1] AndroidManifest.xml:20:5-66
MERGED from [com.google.android.gms:play-services-maps:10.2.1] AndroidManifest.xml:20:5-66
	android:name
		ADDED from src\main\AndroidManifest.xml:6:22-64
uses-permission#android.permission.ACCESS_NETWORK_STATE
ADDED from src\main\AndroidManifest.xml:7:5-79
MERGED from [com.google.android.gms:play-services-ads-lite:10.2.1] AndroidManifest.xml:20:5-78
MERGED from [com.google.android.gms:play-services-analytics:10.2.1] AndroidManifest.xml:21:5-78
MERGED from [com.google.android.gms:play-services-nearby:10.2.1] AndroidManifest.xml:4:5-78
MERGED from [com.google.android.gms:play-services-tagmanager-api:10.2.1] AndroidManifest.xml:21:5-78
MERGED from [com.google.firebase:firebase-analytics:10.2.1] AndroidManifest.xml:21:5-78
MERGED from [com.google.firebase:firebase-analytics-impl:10.2.1] AndroidManifest.xml:21:5-78
MERGED from [com.google.firebase:firebase-iid:10.2.1] AndroidManifest.xml:19:5-78
MERGED from [com.google.android.gms:play-services-analytics-impl:10.2.1] AndroidManifest.xml:21:5-78
MERGED from [com.google.android.gms:play-services-maps:10.2.1] AndroidManifest.xml:19:5-78
	android:name
		ADDED from src\main\AndroidManifest.xml:7:22-76
uses-permission#android.permission.ACCESS_COARSE_LOCATION
ADDED from src\main\AndroidManifest.xml:8:5-81
	android:name
		ADDED from src\main\AndroidManifest.xml:8:22-78
uses-permission#android.permission.ACCESS_FINE_LOCATION
ADDED from src\main\AndroidManifest.xml:9:5-79
	android:name
		ADDED from src\main\AndroidManifest.xml:9:22-76
application
ADDED from src\main\AndroidManifest.xml:11:5-129:19
MERGED from [com.google.android.gms:play-services:10.2.1] AndroidManifest.xml:5:5-20
MERGED from [com.google.android.gms:play-services-ads-lite:10.2.1] AndroidManifest.xml:23:5-27:19
MERGED from [com.google.android.gms:play-services-analytics:10.2.1] AndroidManifest.xml:26:5-19
MERGED from [com.google.android.gms:play-services-appinvite:10.2.1] AndroidManifest.xml:19:5-26:19
MERGED from [com.google.android.gms:play-services-auth:10.2.1] AndroidManifest.xml:19:5-25:19
MERGED from [com.google.android.gms:play-services-cast-framework:10.2.1] AndroidManifest.xml:4:5-8:19
MERGED from [com.google.android.gms:play-services-cast:10.2.1] AndroidManifest.xml:18:5-19
MERGED from [com.android.support:mediarouter-v7:25.3.1] AndroidManifest.xml:26:5-20
MERGED from [com.android.support:palette-v7:25.3.1] AndroidManifest.xml:26:5-20
MERGED from [com.google.android.gms:play-services-clearcut:10.2.1] AndroidManifest.xml:18:5-19
MERGED from [com.google.firebase:firebase-config:10.2.1] AndroidManifest.xml:18:5-19
MERGED from [com.google.android.gms:play-services-awareness:10.2.1] AndroidManifest.xml:18:5-19
MERGED from [com.google.firebase:firebase-crash:10.2.1] AndroidManifest.xml:22:5-23:19
MERGED from [com.google.firebase:firebase-auth:10.2.1] AndroidManifest.xml:19:5-20:19
MERGED from [com.google.firebase:firebase-messaging:10.2.1] AndroidManifest.xml:19:5-29:19
MERGED from [com.google.android.gms:play-services-fitness:10.2.1] AndroidManifest.xml:18:5-19
MERGED from [com.google.android.gms:play-services-games:10.2.1] AndroidManifest.xml:18:5-19
MERGED from [com.google.android.gms:play-services-drive:10.2.1] AndroidManifest.xml:18:5-19
MERGED from [com.google.android.gms:play-services-gass:10.2.1] AndroidManifest.xml:4:5-19
MERGED from [com.google.android.gms:play-services-gcm:10.2.1] AndroidManifest.xml:23:5-19
MERGED from [com.google.firebase:firebase-appindexing:10.2.1] AndroidManifest.xml:18:5-19
MERGED from [com.google.android.gms:play-services-iid:10.2.1] AndroidManifest.xml:23:5-19
MERGED from [com.google.android.gms:play-services-location:10.2.1] AndroidManifest.xml:4:5-19
MERGED from [com.google.android.gms:play-services-nearby:10.2.1] AndroidManifest.xml:5:5-19
MERGED from [com.google.android.gms:play-services-panorama:10.2.1] AndroidManifest.xml:18:5-19
MERGED from [com.google.android.gms:play-services-places:10.2.1] AndroidManifest.xml:18:5-19
MERGED from [com.google.android.gms:play-services-plus:10.2.1] AndroidManifest.xml:18:5-19
MERGED from [com.google.android.gms:play-services-safetynet:10.2.1] AndroidManifest.xml:18:5-19
MERGED from [com.google.android.gms:play-services-tagmanager-api:10.2.1] AndroidManifest.xml:23:5-33:19
MERGED from [com.google.firebase:firebase-analytics:10.2.1] AndroidManifest.xml:24:5-33:19
MERGED from [com.google.firebase:firebase-analytics-impl:10.2.1] AndroidManifest.xml:24:5-28:19
MERGED from [com.google.firebase:firebase-iid:10.2.1] AndroidManifest.xml:28:5-49:19
MERGED from [com.google.firebase:firebase-common:10.2.1] AndroidManifest.xml:4:5-7:19
MERGED from [com.google.android.gms:play-services-tagmanager-v4-impl:10.2.1] AndroidManifest.xml:19:5-19
MERGED from [com.google.android.gms:play-services-analytics-impl:10.2.1] AndroidManifest.xml:26:5-19
MERGED from [com.google.android.gms:play-services-vision:10.2.1] AndroidManifest.xml:4:5-19
MERGED from [com.google.android.gms:play-services-identity:10.2.1] AndroidManifest.xml:18:5-19
MERGED from [com.google.android.gms:play-services-maps:10.2.1] AndroidManifest.xml:24:5-19
MERGED from [com.google.android.gms:play-services-wearable:10.2.1] AndroidManifest.xml:18:5-19
MERGED from [com.google.android.gms:play-services-base:10.2.1] AndroidManifest.xml:18:5-20:19
MERGED from [com.google.android.gms:play-services-tasks:10.2.1] AndroidManifest.xml:4:5-19
MERGED from [com.google.android.gms:play-services-basement:10.2.1] AndroidManifest.xml:19:5-21:19
MERGED from [com.google.maps.android:android-maps-utils:0.4] AndroidManifest.xml:7:5-11:19
MERGED from [com.facebook.android:facebook-android-sdk:4.20.0] AndroidManifest.xml:28:5-48:19
MERGED from [com.android.support:cardview-v7:25.3.1] AndroidManifest.xml:26:5-20
MERGED from [com.android.support:customtabs:25.3.1] AndroidManifest.xml:26:5-20
MERGED from [com.facebook.android:account-kit-sdk:4.17.0] AndroidManifest.xml:28:5-39:19
MERGED from [com.android.support:design:25.3.1] AndroidManifest.xml:29:5-20
MERGED from [com.android.support:transition:25.3.1] AndroidManifest.xml:26:5-20
MERGED from [com.mcxiaoke.volley:library-aar:1.0.0] AndroidManifest.xml:5:5-19
MERGED from [com.android.support:appcompat-v7:25.3.1] AndroidManifest.xml:29:5-20
MERGED from [com.android.support:support-v4:25.3.1] AndroidManifest.xml:29:5-20
MERGED from [com.android.support:support-fragment:25.3.1] AndroidManifest.xml:29:5-20
MERGED from [com.android.support:support-media-compat:25.3.1] AndroidManifest.xml:29:5-20
MERGED from [com.android.support:support-core-ui:25.3.1] AndroidManifest.xml:29:5-20
MERGED from [com.android.support:support-core-utils:25.3.1] AndroidManifest.xml:29:5-20
MERGED from [com.android.support:animated-vector-drawable:25.3.1] AndroidManifest.xml:26:5-20
MERGED from [com.android.support:support-vector-drawable:25.3.1] AndroidManifest.xml:26:5-20
MERGED from [com.android.support:support-compat:25.3.1] AndroidManifest.xml:29:5-20
MERGED from [com.android.support.constraint:constraint-layout:1.0.2] AndroidManifest.xml:9:5-20
	android:label
		ADDED from src\main\AndroidManifest.xml:15:9-41
	android:supportsRtl
		ADDED from src\main\AndroidManifest.xml:16:9-35
	android:textColor
		ADDED from src\main\AndroidManifest.xml:17:9-41
	android:allowBackup
		ADDED from src\main\AndroidManifest.xml:13:9-35
	android:icon
		ADDED from src\main\AndroidManifest.xml:14:9-43
	android:theme
		ADDED from src\main\AndroidManifest.xml:18:9-40
	android:name
		ADDED from src\main\AndroidManifest.xml:12:9-28
meta-data#com.google.android.gms.version
ADDED from src\main\AndroidManifest.xml:20:9-22:69
MERGED from [com.google.android.gms:play-services-basement:10.2.1] AndroidManifest.xml:20:9-121
MERGED from [com.google.maps.android:android-maps-utils:0.4] AndroidManifest.xml:8:9-10:69
	android:value
		ADDED from src\main\AndroidManifest.xml:22:13-66
	android:name
		ADDED from src\main\AndroidManifest.xml:21:13-58
meta-data#com.google.android.geo.API_KEY
ADDED from src\main\AndroidManifest.xml:23:9-25:52
	android:value
		ADDED from src\main\AndroidManifest.xml:25:13-49
	android:name
		ADDED from src\main\AndroidManifest.xml:24:13-58
meta-data#android.app.default_searchable
ADDED from src\main\AndroidManifest.xml:26:9-28:58
	android:value
		ADDED from src\main\AndroidManifest.xml:28:13-55
	android:name
		ADDED from src\main\AndroidManifest.xml:27:13-58
meta-data#com.facebook.sdk.ApplicationId
ADDED from src\main\AndroidManifest.xml:29:9-31:55
	android:value
		ADDED from src\main\AndroidManifest.xml:31:13-52
	android:name
		ADDED from src\main\AndroidManifest.xml:30:13-58
meta-data#com.facebook.accountkit.ApplicationName
ADDED from src\main\AndroidManifest.xml:32:9-34:48
	android:value
		ADDED from src\main\AndroidManifest.xml:34:13-45
	android:name
		ADDED from src\main\AndroidManifest.xml:33:13-67
meta-data#com.facebook.accountkit.ClientToken
ADDED from src\main\AndroidManifest.xml:35:9-37:64
	android:value
		ADDED from src\main\AndroidManifest.xml:37:13-61
	android:name
		ADDED from src\main\AndroidManifest.xml:36:13-63
activity#com.aleskovacic.eventslocator4.activities.MapsActivity
ADDED from src\main\AndroidManifest.xml:39:9-47:20
	android:label
		ADDED from src\main\AndroidManifest.xml:41:13-45
	android:name
		ADDED from src\main\AndroidManifest.xml:40:13-52
intent-filter#android.intent.action.MAIN+android.intent.category.LAUNCHER
ADDED from src\main\AndroidManifest.xml:42:13-46:29
action#android.intent.action.MAIN
ADDED from src\main\AndroidManifest.xml:43:17-69
	android:name
		ADDED from src\main\AndroidManifest.xml:43:25-66
category#android.intent.category.LAUNCHER
ADDED from src\main\AndroidManifest.xml:45:17-77
	android:name
		ADDED from src\main\AndroidManifest.xml:45:27-74
activity#com.aleskovacic.eventslocator4.activities.ListActivity
ADDED from src\main\AndroidManifest.xml:48:9-50:59
	android:label
		ADDED from src\main\AndroidManifest.xml:50:13-56
	android:name
		ADDED from src\main\AndroidManifest.xml:49:13-52
activity#com.aleskovacic.eventslocator4.activities.EventActivity
ADDED from src\main\AndroidManifest.xml:51:9-54:47
	android:label
		ADDED from src\main\AndroidManifest.xml:53:13-57
	android:theme
		ADDED from src\main\AndroidManifest.xml:54:13-44
	android:name
		ADDED from src\main\AndroidManifest.xml:52:13-53
activity#com.aleskovacic.eventslocator4.activities.SearchActivity
ADDED from src\main\AndroidManifest.xml:55:9-72:20
	android:parentActivityName
		ADDED from src\main\AndroidManifest.xml:58:13-66
	android:launchMode
		ADDED from src\main\AndroidManifest.xml:57:13-43
	android:name
		ADDED from src\main\AndroidManifest.xml:56:13-54
intent-filter#android.intent.action.SEARCH
ADDED from src\main\AndroidManifest.xml:59:13-61:29
action#android.intent.action.SEARCH
ADDED from src\main\AndroidManifest.xml:60:17-71
	android:name
		ADDED from src\main\AndroidManifest.xml:60:25-68
intent-filter#android.intent.action.VIEW
ADDED from src\main\AndroidManifest.xml:62:13-64:29
action#android.intent.action.VIEW
ADDED from src\main\AndroidManifest.xml:63:17-69
	android:name
		ADDED from src\main\AndroidManifest.xml:63:25-66
meta-data#android.support.PARENT_ACTIVITY
ADDED from src\main\AndroidManifest.xml:66:13-68:60
	android:value
		ADDED from src\main\AndroidManifest.xml:68:17-57
	android:name
		ADDED from src\main\AndroidManifest.xml:67:17-63
meta-data#android.app.searchable
ADDED from src\main\AndroidManifest.xml:69:13-71:54
	android:resource
		ADDED from src\main\AndroidManifest.xml:71:17-51
	android:name
		ADDED from src\main\AndroidManifest.xml:70:17-54
activity#com.google.android.gms.ads.AdActivity
ADDED from src\main\AndroidManifest.xml:73:9-76:64
MERGED from [com.google.android.gms:play-services-ads-lite:10.2.1] AndroidManifest.xml:25:9-232
	android:configChanges
		ADDED from src\main\AndroidManifest.xml:75:13-122
	android:theme
		ADDED from src\main\AndroidManifest.xml:76:13-61
	android:name
		ADDED from src\main\AndroidManifest.xml:74:13-65
activity#com.facebook.FacebookActivity
ADDED from src\main\AndroidManifest.xml:77:9-82:45
MERGED from [com.facebook.android:facebook-android-sdk:4.20.0] AndroidManifest.xml:29:9-32:66
	android:label
		ADDED from src\main\AndroidManifest.xml:80:13-45
	android:configChanges
		ADDED from src\main\AndroidManifest.xml:79:13-96
	android:theme
		ADDED from src\main\AndroidManifest.xml:81:13-72
		REJECTED from [com.facebook.android:facebook-android-sdk:4.20.0] AndroidManifest.xml:32:13-63
	tools:replace
		ADDED from src\main\AndroidManifest.xml:82:13-42
	android:name
		ADDED from src\main\AndroidManifest.xml:78:13-57
activity#com.facebook.accountkit.ui.AccountKitActivity
ADDED from src\main\AndroidManifest.xml:83:9-95:20
MERGED from [com.facebook.android:account-kit-sdk:4.17.0] AndroidManifest.xml:29:9-34:58
	android:label
		ADDED from [com.facebook.android:account-kit-sdk:4.17.0] AndroidManifest.xml:31:13-65
	android:launchMode
		ADDED from [com.facebook.android:account-kit-sdk:4.17.0] AndroidManifest.xml:32:13-43
	android:windowSoftInputMode
		ADDED from [com.facebook.android:account-kit-sdk:4.17.0] AndroidManifest.xml:34:13-55
	android:theme
		ADDED from src\main\AndroidManifest.xml:85:13-49
		REJECTED from [com.facebook.android:account-kit-sdk:4.17.0] AndroidManifest.xml:33:13-52
	tools:replace
		ADDED from src\main\AndroidManifest.xml:86:13-42
	android:name
		ADDED from src\main\AndroidManifest.xml:84:13-73
intent-filter#android.intent.action.VIEW+android.intent.category.BROWSABLE+android.intent.category.DEFAULT
ADDED from src\main\AndroidManifest.xml:87:13-94:29
category#android.intent.category.DEFAULT
ADDED from src\main\AndroidManifest.xml:90:17-76
	android:name
		ADDED from src\main\AndroidManifest.xml:90:27-73
category#android.intent.category.BROWSABLE
ADDED from src\main\AndroidManifest.xml:91:17-78
	android:name
		ADDED from src\main\AndroidManifest.xml:91:27-75
data
ADDED from src\main\AndroidManifest.xml:93:17-75
	android:scheme
		ADDED from src\main\AndroidManifest.xml:93:23-72
activity#com.aleskovacic.eventslocator4.activities.signupactivity
ADDED from src\main\AndroidManifest.xml:96:9-98:57
	android:windowSoftInputMode
		ADDED from src\main\AndroidManifest.xml:98:13-54
	android:name
		ADDED from src\main\AndroidManifest.xml:97:13-54
activity#com.aleskovacic.eventslocator4.activities.LogoutActivity
ADDED from src\main\AndroidManifest.xml:99:9-63
	android:name
		ADDED from src\main\AndroidManifest.xml:99:19-60
activity#com.aleskovacic.eventslocator4.activities.MapsMessageActivity
ADDED from src\main\AndroidManifest.xml:100:9-68
	android:name
		ADDED from src\main\AndroidManifest.xml:100:19-65
activity#com.aleskovacic.eventslocator4.activities.GeoMessageActivity
ADDED from src\main\AndroidManifest.xml:101:9-67
	android:name
		ADDED from src\main\AndroidManifest.xml:101:19-64
activity#com.aleskovacic.eventslocator4.activities.Message
ADDED from src\main\AndroidManifest.xml:102:9-56
	android:name
		ADDED from src\main\AndroidManifest.xml:102:19-53
activity#com.facebook.CustomTabActivity
ADDED from src\main\AndroidManifest.xml:103:9-114:20
	android:exported
		ADDED from src\main\AndroidManifest.xml:105:13-36
	android:name
		ADDED from src\main\AndroidManifest.xml:104:13-58
activity#com.aleskovacic.eventslocator4.activities.LogInActivity
ADDED from src\main\AndroidManifest.xml:115:9-117:55
	android:windowSoftInputMode
		ADDED from src\main\AndroidManifest.xml:117:13-52
	android:name
		ADDED from src\main\AndroidManifest.xml:116:13-53
activity#com.aleskovacic.eventslocator4.activities.MessageChatActivity
ADDED from src\main\AndroidManifest.xml:118:9-120:55
	android:windowSoftInputMode
		ADDED from src\main\AndroidManifest.xml:120:13-52
	android:name
		ADDED from src\main\AndroidManifest.xml:119:13-59
activity#com.aleskovacic.eventslocator4.activities.AboutUs
ADDED from src\main\AndroidManifest.xml:121:9-56
	android:name
		ADDED from src\main\AndroidManifest.xml:121:19-53
activity#com.aleskovacic.eventslocator4.activities.RecoveryActivity
ADDED from src\main\AndroidManifest.xml:122:9-65
	android:name
		ADDED from src\main\AndroidManifest.xml:122:19-62
activity#com.aleskovacic.eventslocator4.activities.ContactUs
ADDED from src\main\AndroidManifest.xml:123:9-125:57
	android:windowSoftInputMode
		ADDED from src\main\AndroidManifest.xml:125:13-54
	android:name
		ADDED from src\main\AndroidManifest.xml:124:13-49
activity#com.aleskovacic.eventslocator4.activities.Myprofile
ADDED from src\main\AndroidManifest.xml:126:9-58
	android:name
		ADDED from src\main\AndroidManifest.xml:126:19-55
activity#com.aleskovacic.eventslocator4.activities.Phototest
ADDED from src\main\AndroidManifest.xml:127:9-58
	android:name
		ADDED from src\main\AndroidManifest.xml:127:19-55
activity#com.aleskovacic.eventslocator4.activities.AddEvent
ADDED from src\main\AndroidManifest.xml:128:9-66
	android:name
		ADDED from src\main\AndroidManifest.xml:128:19-54
uses-sdk
INJECTED from src\main\AndroidManifest.xml reason: use-sdk injection requested
MERGED from [com.android.support:multidex:1.0.1] AndroidManifest.xml:18:5-42
MERGED from [com.google.android.gms:play-services:10.2.1] AndroidManifest.xml:4:5-43
MERGED from [com.google.android.gms:play-services-ads:10.2.1] AndroidManifest.xml:17:5-43
MERGED from [com.google.android.gms:play-services-ads-lite:10.2.1] AndroidManifest.xml:22:5-43
MERGED from [com.google.android.gms:play-services-analytics:10.2.1] AndroidManifest.xml:17:5-43
MERGED from [com.google.android.gms:play-services-appinvite:10.2.1] AndroidManifest.xml:17:5-43
MERGED from [com.google.android.gms:play-services-auth:10.2.1] AndroidManifest.xml:17:5-43
MERGED from [com.google.android.gms:play-services-auth-base:10.2.1] AndroidManifest.xml:4:5-43
MERGED from [com.google.android.gms:play-services-cast-framework:10.2.1] AndroidManifest.xml:3:5-43
MERGED from [com.google.android.gms:play-services-cast:10.2.1] AndroidManifest.xml:17:5-43
MERGED from [com.android.support:mediarouter-v7:25.3.1] AndroidManifest.xml:20:5-43
MERGED from [com.android.support:palette-v7:25.3.1] AndroidManifest.xml:20:5-43
MERGED from [com.google.android.gms:play-services-clearcut:10.2.1] AndroidManifest.xml:17:5-43
MERGED from [com.google.firebase:firebase-config:10.2.1] AndroidManifest.xml:17:5-43
MERGED from [com.google.android.gms:play-services-awareness:10.2.1] AndroidManifest.xml:17:5-43
MERGED from [com.google.firebase:firebase-crash:10.2.1] AndroidManifest.xml:20:5-43
MERGED from [com.google.firebase:firebase-auth:10.2.1] AndroidManifest.xml:17:5-43
MERGED from [com.google.firebase:firebase-database:10.2.1] AndroidManifest.xml:3:5-43
MERGED from [com.google.firebase:firebase-database-connection:10.2.1] AndroidManifest.xml:3:5-43
MERGED from [com.google.firebase:firebase-messaging:10.2.1] AndroidManifest.xml:17:5-43
MERGED from [com.google.firebase:firebase-storage:10.2.1] AndroidManifest.xml:3:5-43
MERGED from [com.google.firebase:firebase-storage-common:10.2.1] AndroidManifest.xml:3:5-43
MERGED from [com.google.android.gms:play-services-fitness:10.2.1] AndroidManifest.xml:17:5-43
MERGED from [com.google.android.gms:play-services-games:10.2.1] AndroidManifest.xml:17:5-43
MERGED from [com.google.android.gms:play-services-drive:10.2.1] AndroidManifest.xml:17:5-43
MERGED from [com.google.android.gms:play-services-gass:10.2.1] AndroidManifest.xml:3:5-43
MERGED from [com.google.android.gms:play-services-gcm:10.2.1] AndroidManifest.xml:17:5-43
MERGED from [com.google.firebase:firebase-appindexing:10.2.1] AndroidManifest.xml:17:5-43
MERGED from [com.google.android.gms:play-services-iid:10.2.1] AndroidManifest.xml:17:5-43
MERGED from [com.google.android.gms:play-services-instantapps:10.2.1] AndroidManifest.xml:3:5-43
MERGED from [com.google.android.gms:play-services-location:10.2.1] AndroidManifest.xml:3:5-43
MERGED from [com.google.android.gms:play-services-nearby:10.2.1] AndroidManifest.xml:3:5-43
MERGED from [com.google.android.gms:play-services-panorama:10.2.1] AndroidManifest.xml:17:5-43
MERGED from [com.google.android.gms:play-services-places:10.2.1] AndroidManifest.xml:17:5-43
MERGED from [com.google.android.gms:play-services-plus:10.2.1] AndroidManifest.xml:17:5-43
MERGED from [com.google.android.gms:play-services-safetynet:10.2.1] AndroidManifest.xml:17:5-43
MERGED from [com.google.android.gms:play-services-tagmanager:10.2.1] AndroidManifest.xml:17:5-43
MERGED from [com.google.android.gms:play-services-tagmanager-api:10.2.1] AndroidManifest.xml:17:5-43
MERGED from [com.google.firebase:firebase-analytics:10.2.1] AndroidManifest.xml:17:5-43
MERGED from [com.google.firebase:firebase-analytics-impl:10.2.1] AndroidManifest.xml:17:5-43
MERGED from [com.google.firebase:firebase-iid:10.2.1] AndroidManifest.xml:17:5-43
MERGED from [com.google.firebase:firebase-common:10.2.1] AndroidManifest.xml:3:5-43
MERGED from [com.google.android.gms:play-services-tagmanager-v4-impl:10.2.1] AndroidManifest.xml:17:5-43
MERGED from [com.google.android.gms:play-services-analytics-impl:10.2.1] AndroidManifest.xml:17:5-43
MERGED from [com.google.android.gms:play-services-vision:10.2.1] AndroidManifest.xml:3:5-43
MERGED from [com.google.android.gms:play-services-wallet:10.2.1] AndroidManifest.xml:18:5-43
MERGED from [com.google.android.gms:play-services-identity:10.2.1] AndroidManifest.xml:17:5-43
MERGED from [com.google.android.gms:play-services-maps:10.2.1] AndroidManifest.xml:23:5-43
MERGED from [com.google.android.gms:play-services-wearable:10.2.1] AndroidManifest.xml:17:5-43
MERGED from [com.google.android.gms:play-services-base:10.2.1] AndroidManifest.xml:17:5-43
MERGED from [com.google.android.gms:play-services-tasks:10.2.1] AndroidManifest.xml:3:5-43
MERGED from [com.google.android.gms:play-services-basement:10.2.1] AndroidManifest.xml:17:5-43
MERGED from [com.google.maps.android:android-maps-utils:0.4] AndroidManifest.xml:5:5-43
MERGED from [com.facebook.android:facebook-android-sdk:4.20.0] AndroidManifest.xml:24:5-26:41
MERGED from [com.android.support:cardview-v7:25.3.1] AndroidManifest.xml:20:5-43
MERGED from [com.android.support:customtabs:25.3.1] AndroidManifest.xml:20:5-44
MERGED from [com.facebook.android:account-kit-sdk:4.17.0] AndroidManifest.xml:24:5-26:41
MERGED from [com.android.support:design:25.3.1] AndroidManifest.xml:21:5-23:62
MERGED from [com.android.support:recyclerview-v7:25.3.1] AndroidManifest.xml:20:5-43
MERGED from [com.android.support:transition:25.3.1] AndroidManifest.xml:20:5-44
MERGED from [com.mcxiaoke.volley:library-aar:1.0.0] AndroidManifest.xml:3:5-72
MERGED from [com.github.medyo:android-about-page:1.1.1] AndroidManifest.xml:8:5-10:41
MERGED from [com.android.support:appcompat-v7:25.3.1] AndroidManifest.xml:21:5-23:78
MERGED from [com.android.support:support-v4:25.3.1] AndroidManifest.xml:21:5-23:54
MERGED from [com.android.support:support-fragment:25.3.1] AndroidManifest.xml:21:5-23:60
MERGED from [com.android.support:support-media-compat:25.3.1] AndroidManifest.xml:21:5-23:63
MERGED from [com.android.support:support-core-ui:25.3.1] AndroidManifest.xml:21:5-23:58
MERGED from [com.android.support:support-core-utils:25.3.1] AndroidManifest.xml:21:5-23:61
MERGED from [com.android.support:animated-vector-drawable:25.3.1] AndroidManifest.xml:20:5-44
MERGED from [com.android.support:support-vector-drawable:25.3.1] AndroidManifest.xml:20:5-43
MERGED from [com.android.support:support-compat:25.3.1] AndroidManifest.xml:21:5-23:58
MERGED from [com.android.support.constraint:constraint-layout:1.0.2] AndroidManifest.xml:5:5-7:41
	tools:overrideLibrary
		ADDED from [com.android.support:design:25.3.1] AndroidManifest.xml:23:9-59
	android:targetSdkVersion
		INJECTED from src\main\AndroidManifest.xml
		INJECTED from src\main\AndroidManifest.xml
	android:minSdkVersion
		INJECTED from src\main\AndroidManifest.xml
		INJECTED from src\main\AndroidManifest.xml
activity#com.google.android.gms.ads.purchase.InAppPurchaseActivity
ADDED from [com.google.android.gms:play-services-ads-lite:10.2.1] AndroidManifest.xml:26:9-131
	android:theme
		ADDED from [com.google.android.gms:play-services-ads-lite:10.2.1] AndroidManifest.xml:26:92-129
	android:name
		ADDED from [com.google.android.gms:play-services-ads-lite:10.2.1] AndroidManifest.xml:26:19-91
uses-permission#android.permission.WAKE_LOCK
ADDED from [com.google.android.gms:play-services-analytics:10.2.1] AndroidManifest.xml:24:5-67
MERGED from [com.google.firebase:firebase-analytics:10.2.1] AndroidManifest.xml:22:5-67
MERGED from [com.google.firebase:firebase-analytics-impl:10.2.1] AndroidManifest.xml:22:5-67
MERGED from [com.google.firebase:firebase-iid:10.2.1] AndroidManifest.xml:21:5-67
MERGED from [com.google.android.gms:play-services-analytics-impl:10.2.1] AndroidManifest.xml:24:5-67
	android:name
		ADDED from [com.google.android.gms:play-services-analytics:10.2.1] AndroidManifest.xml:24:22-65
activity#com.google.android.gms.appinvite.PreviewActivity
ADDED from [com.google.android.gms:play-services-appinvite:10.2.1] AndroidManifest.xml:20:9-25:20
	android:exported
		ADDED from [com.google.android.gms:play-services-appinvite:10.2.1] AndroidManifest.xml:20:51-74
	android:theme
		ADDED from [com.google.android.gms:play-services-appinvite:10.2.1] AndroidManifest.xml:20:75-121
	android:name
		ADDED from [com.google.android.gms:play-services-appinvite:10.2.1] AndroidManifest.xml:20:19-50
intent-filter#android.intent.category.DEFAULT+com.google.android.gms.appinvite.ACTION_PREVIEW
ADDED from [com.google.android.gms:play-services-appinvite:10.2.1] AndroidManifest.xml:21:13-24:29
action#com.google.android.gms.appinvite.ACTION_PREVIEW
ADDED from [com.google.android.gms:play-services-appinvite:10.2.1] AndroidManifest.xml:22:17-89
	android:name
		ADDED from [com.google.android.gms:play-services-appinvite:10.2.1] AndroidManifest.xml:22:25-87
activity#com.google.android.gms.auth.api.signin.internal.SignInHubActivity
ADDED from [com.google.android.gms:play-services-auth:10.2.1] AndroidManifest.xml:20:9-189
	android:excludeFromRecents
		ADDED from [com.google.android.gms:play-services-auth:10.2.1] AndroidManifest.xml:20:129-162
	android:exported
		ADDED from [com.google.android.gms:play-services-auth:10.2.1] AndroidManifest.xml:20:163-187
	android:theme
		ADDED from [com.google.android.gms:play-services-auth:10.2.1] AndroidManifest.xml:20:69-128
	android:name
		ADDED from [com.google.android.gms:play-services-auth:10.2.1] AndroidManifest.xml:20:19-68
service#com.google.android.gms.auth.api.signin.RevocationBoundService
ADDED from [com.google.android.gms:play-services-auth:10.2.1] AndroidManifest.xml:24:9-184
	android:exported
		ADDED from [com.google.android.gms:play-services-auth:10.2.1] AndroidManifest.xml:24:64-87
	android:permission
		ADDED from [com.google.android.gms:play-services-auth:10.2.1] AndroidManifest.xml:24:88-182
	android:name
		ADDED from [com.google.android.gms:play-services-auth:10.2.1] AndroidManifest.xml:24:18-63
receiver#com.google.android.gms.cast.framework.media.MediaIntentReceiver
ADDED from [com.google.android.gms:play-services-cast-framework:10.2.1] AndroidManifest.xml:5:9-99
	android:name
		ADDED from [com.google.android.gms:play-services-cast-framework:10.2.1] AndroidManifest.xml:5:19-97
service#com.google.android.gms.cast.framework.media.MediaNotificationService
ADDED from [com.google.android.gms:play-services-cast-framework:10.2.1] AndroidManifest.xml:6:9-103
	android:name
		ADDED from [com.google.android.gms:play-services-cast-framework:10.2.1] AndroidManifest.xml:6:18-101
service#com.google.android.gms.cast.framework.ReconnectionService
ADDED from [com.google.android.gms:play-services-cast-framework:10.2.1] AndroidManifest.xml:7:9-92
	android:name
		ADDED from [com.google.android.gms:play-services-cast-framework:10.2.1] AndroidManifest.xml:7:18-90
meta-data#android.support.VERSION
ADDED from [com.android.support:mediarouter-v7:25.3.1] AndroidManifest.xml:22:5-24:34
MERGED from [com.android.support:palette-v7:25.3.1] AndroidManifest.xml:22:5-24:34
MERGED from [com.android.support:cardview-v7:25.3.1] AndroidManifest.xml:22:5-24:34
MERGED from [com.android.support:customtabs:25.3.1] AndroidManifest.xml:22:5-24:34
MERGED from [com.android.support:design:25.3.1] AndroidManifest.xml:25:5-27:34
MERGED from [com.android.support:recyclerview-v7:25.3.1] AndroidManifest.xml:22:5-24:34
MERGED from [com.android.support:transition:25.3.1] AndroidManifest.xml:22:5-24:34